#! /usr/local/Cellar/icarus-verilog/11.0/bin/vvp
:ivl_version "11.0 (stable)";
:ivl_delay_selection "TYPICAL";
:vpi_time_precision + 0;
:vpi_module "/usr/local/Cellar/icarus-verilog/11.0/lib/ivl/system.vpi";
:vpi_module "/usr/local/Cellar/icarus-verilog/11.0/lib/ivl/vhdl_sys.vpi";
:vpi_module "/usr/local/Cellar/icarus-verilog/11.0/lib/ivl/vhdl_textio.vpi";
:vpi_module "/usr/local/Cellar/icarus-verilog/11.0/lib/ivl/v2005_math.vpi";
:vpi_module "/usr/local/Cellar/icarus-verilog/11.0/lib/ivl/va_math.vpi";
S_0x7fcfb5f041c0 .scope module, "top_module" "top_module" 2 1;
 .timescale 0 0;
    .port_info 0 /INPUT 16 "a";
    .port_info 1 /INPUT 16 "b";
    .port_info 2 /INPUT 16 "c";
    .port_info 3 /INPUT 16 "d";
    .port_info 4 /INPUT 16 "e";
    .port_info 5 /INPUT 16 "f";
    .port_info 6 /INPUT 16 "g";
    .port_info 7 /INPUT 16 "h";
    .port_info 8 /INPUT 16 "i";
    .port_info 9 /INPUT 4 "sel";
    .port_info 10 /OUTPUT 16 "out";
o0x7fcfb5d32008 .functor BUFZ 16, C4<zzzzzzzzzzzzzzzz>; HiZ drive
v0x7fcfb5f04530_0 .net "a", 15 0, o0x7fcfb5d32008;  0 drivers
o0x7fcfb5d32038 .functor BUFZ 16, C4<zzzzzzzzzzzzzzzz>; HiZ drive
v0x7fcfb5f145e0_0 .net "b", 15 0, o0x7fcfb5d32038;  0 drivers
o0x7fcfb5d32068 .functor BUFZ 16, C4<zzzzzzzzzzzzzzzz>; HiZ drive
v0x7fcfb5f14680_0 .net "c", 15 0, o0x7fcfb5d32068;  0 drivers
o0x7fcfb5d32098 .functor BUFZ 16, C4<zzzzzzzzzzzzzzzz>; HiZ drive
v0x7fcfb5f14730_0 .net "d", 15 0, o0x7fcfb5d32098;  0 drivers
o0x7fcfb5d320c8 .functor BUFZ 16, C4<zzzzzzzzzzzzzzzz>; HiZ drive
v0x7fcfb5f147e0_0 .net "e", 15 0, o0x7fcfb5d320c8;  0 drivers
o0x7fcfb5d320f8 .functor BUFZ 16, C4<zzzzzzzzzzzzzzzz>; HiZ drive
v0x7fcfb5f148d0_0 .net "f", 15 0, o0x7fcfb5d320f8;  0 drivers
o0x7fcfb5d32128 .functor BUFZ 16, C4<zzzzzzzzzzzzzzzz>; HiZ drive
v0x7fcfb5f14980_0 .net "g", 15 0, o0x7fcfb5d32128;  0 drivers
o0x7fcfb5d32158 .functor BUFZ 16, C4<zzzzzzzzzzzzzzzz>; HiZ drive
v0x7fcfb5f14a30_0 .net "h", 15 0, o0x7fcfb5d32158;  0 drivers
o0x7fcfb5d32188 .functor BUFZ 16, C4<zzzzzzzzzzzzzzzz>; HiZ drive
v0x7fcfb5f14ae0_0 .net "i", 15 0, o0x7fcfb5d32188;  0 drivers
v0x7fcfb5f14bf0_0 .var "out", 15 0;
o0x7fcfb5d321e8 .functor BUFZ 4, C4<zzzz>; HiZ drive
v0x7fcfb5f14ca0_0 .net "sel", 3 0, o0x7fcfb5d321e8;  0 drivers
E_0x7fcfb5f044b0/0 .event edge, v0x7fcfb5f14ca0_0, v0x7fcfb5f04530_0, v0x7fcfb5f145e0_0, v0x7fcfb5f14680_0;
E_0x7fcfb5f044b0/1 .event edge, v0x7fcfb5f14730_0, v0x7fcfb5f148d0_0, v0x7fcfb5f14980_0, v0x7fcfb5f14a30_0;
E_0x7fcfb5f044b0/2 .event edge, v0x7fcfb5f14ae0_0;
E_0x7fcfb5f044b0 .event/or E_0x7fcfb5f044b0/0, E_0x7fcfb5f044b0/1, E_0x7fcfb5f044b0/2;
    .scope S_0x7fcfb5f041c0;
T_0 ;
    %pushi/vec4 65535, 0, 16;
    %cassign/vec4 v0x7fcfb5f14bf0_0;
    %end;
    .thread T_0;
    .scope S_0x7fcfb5f041c0;
T_1 ;
    %wait E_0x7fcfb5f044b0;
    %load/vec4 v0x7fcfb5f14ca0_0;
    %dup/vec4;
    %pushi/vec4 1, 0, 4;
    %cmp/u;
    %jmp/1 T_1.0, 6;
    %dup/vec4;
    %pushi/vec4 2, 0, 4;
    %cmp/u;
    %jmp/1 T_1.1, 6;
    %dup/vec4;
    %pushi/vec4 3, 0, 4;
    %cmp/u;
    %jmp/1 T_1.2, 6;
    %dup/vec4;
    %pushi/vec4 4, 0, 4;
    %cmp/u;
    %jmp/1 T_1.3, 6;
    %dup/vec4;
    %pushi/vec4 5, 0, 4;
    %cmp/u;
    %jmp/1 T_1.4, 6;
    %dup/vec4;
    %pushi/vec4 6, 0, 4;
    %cmp/u;
    %jmp/1 T_1.5, 6;
    %dup/vec4;
    %pushi/vec4 7, 0, 4;
    %cmp/u;
    %jmp/1 T_1.6, 6;
    %dup/vec4;
    %pushi/vec4 8, 0, 4;
    %cmp/u;
    %jmp/1 T_1.7, 6;
    %pushi/vec4 65535, 0, 16;
    %cassign/vec4 v0x7fcfb5f14bf0_0;
    %jmp T_1.9;
T_1.0 ;
    %load/vec4 v0x7fcfb5f04530_0;
    %cassign/vec4 v0x7fcfb5f14bf0_0;
    %cassign/link v0x7fcfb5f14bf0_0, v0x7fcfb5f04530_0;
    %jmp T_1.9;
T_1.1 ;
    %load/vec4 v0x7fcfb5f145e0_0;
    %cassign/vec4 v0x7fcfb5f14bf0_0;
    %cassign/link v0x7fcfb5f14bf0_0, v0x7fcfb5f145e0_0;
    %jmp T_1.9;
T_1.2 ;
    %load/vec4 v0x7fcfb5f14680_0;
    %cassign/vec4 v0x7fcfb5f14bf0_0;
    %cassign/link v0x7fcfb5f14bf0_0, v0x7fcfb5f14680_0;
    %jmp T_1.9;
T_1.3 ;
    %load/vec4 v0x7fcfb5f14730_0;
    %cassign/vec4 v0x7fcfb5f14bf0_0;
    %cassign/link v0x7fcfb5f14bf0_0, v0x7fcfb5f14730_0;
    %jmp T_1.9;
T_1.4 ;
    %load/vec4 v0x7fcfb5f148d0_0;
    %cassign/vec4 v0x7fcfb5f14bf0_0;
    %cassign/link v0x7fcfb5f14bf0_0, v0x7fcfb5f148d0_0;
    %jmp T_1.9;
T_1.5 ;
    %load/vec4 v0x7fcfb5f14980_0;
    %cassign/vec4 v0x7fcfb5f14bf0_0;
    %cassign/link v0x7fcfb5f14bf0_0, v0x7fcfb5f14980_0;
    %jmp T_1.9;
T_1.6 ;
    %load/vec4 v0x7fcfb5f14a30_0;
    %cassign/vec4 v0x7fcfb5f14bf0_0;
    %cassign/link v0x7fcfb5f14bf0_0, v0x7fcfb5f14a30_0;
    %jmp T_1.9;
T_1.7 ;
    %load/vec4 v0x7fcfb5f14ae0_0;
    %cassign/vec4 v0x7fcfb5f14bf0_0;
    %cassign/link v0x7fcfb5f14bf0_0, v0x7fcfb5f14ae0_0;
    %jmp T_1.9;
T_1.9 ;
    %pop/vec4 1;
    %jmp T_1;
    .thread T_1, $push;
# The file index is used to find the file name in the following table.
:file_names 3;
    "N/A";
    "<interactive>";
    "./1.v";
